<?xml version="1.0" encoding="UTF-8"?>
<!-- Generated by org.testng.reporters.JUnitReportReporter -->
<testsuite skipped="0" hostname="FAI-BLR02W1012" name="TestAPI" tests="1" failures="0" timestamp="23 Sep 2019 11:32:34 GMT" time="2.655" errors="0">
  <testcase name="getData" time="2.655" classname="TestAPI"/>
</testsuite> <!-- TestAPI -->
